A:\KERJA\GITHUB\KMEClient\KMEClient\wwwroot\lib\sweetalert\tmp\modules\utils.js
A:\KERJA\GITHUB\KMEClient\KMEClient\wwwroot\lib\sweetalert\tmp\modules\utils.js.map
A:\KERJA\GITHUB\KMEClient\KMEClient\wwwroot\lib\sweetalert\typings\modules\utils.d.ts
A:\KERJA\GITHUB\KMEClient\KMEClient\wwwroot\lib\sweetalert\tmp\modules\options\buttons.js
A:\KERJA\GITHUB\KMEClient\KMEClient\wwwroot\lib\sweetalert\tmp\modules\options\buttons.js.map
A:\KERJA\GITHUB\KMEClient\KMEClient\wwwroot\lib\sweetalert\typings\modules\options\buttons.d.ts
A:\KERJA\GITHUB\KMEClient\KMEClient\wwwroot\lib\sweetalert\tmp\modules\options\content.js
A:\KERJA\GITHUB\KMEClient\KMEClient\wwwroot\lib\sweetalert\tmp\modules\options\content.js.map
A:\KERJA\GITHUB\KMEClient\KMEClient\wwwroot\lib\sweetalert\typings\modules\options\content.d.ts
A:\KERJA\GITHUB\KMEClient\KMEClient\wwwroot\lib\sweetalert\tmp\modules\options\deprecations.js
A:\KERJA\GITHUB\KMEClient\KMEClient\wwwroot\lib\sweetalert\tmp\modules\options\deprecations.js.map
A:\KERJA\GITHUB\KMEClient\KMEClient\wwwroot\lib\sweetalert\typings\modules\options\deprecations.d.ts
A:\KERJA\GITHUB\KMEClient\KMEClient\wwwroot\lib\sweetalert\tmp\modules\options\index.js
A:\KERJA\GITHUB\KMEClient\KMEClient\wwwroot\lib\sweetalert\tmp\modules\options\index.js.map
A:\KERJA\GITHUB\KMEClient\KMEClient\wwwroot\lib\sweetalert\typings\modules\options\index.d.ts
A:\KERJA\GITHUB\KMEClient\KMEClient\wwwroot\lib\sweetalert\tmp\modules\class-list\index.js
A:\KERJA\GITHUB\KMEClient\KMEClient\wwwroot\lib\sweetalert\tmp\modules\class-list\index.js.map
A:\KERJA\GITHUB\KMEClient\KMEClient\wwwroot\lib\sweetalert\typings\modules\class-list\index.d.ts
A:\KERJA\GITHUB\KMEClient\KMEClient\wwwroot\lib\sweetalert\tmp\modules\markup\modal.js
A:\KERJA\GITHUB\KMEClient\KMEClient\wwwroot\lib\sweetalert\tmp\modules\markup\modal.js.map
A:\KERJA\GITHUB\KMEClient\KMEClient\wwwroot\lib\sweetalert\typings\modules\markup\modal.d.ts
A:\KERJA\GITHUB\KMEClient\KMEClient\wwwroot\lib\sweetalert\tmp\modules\markup\overlay.js
A:\KERJA\GITHUB\KMEClient\KMEClient\wwwroot\lib\sweetalert\tmp\modules\markup\overlay.js.map
A:\KERJA\GITHUB\KMEClient\KMEClient\wwwroot\lib\sweetalert\typings\modules\markup\overlay.d.ts
A:\KERJA\GITHUB\KMEClient\KMEClient\wwwroot\lib\sweetalert\tmp\modules\markup\icons.js
A:\KERJA\GITHUB\KMEClient\KMEClient\wwwroot\lib\sweetalert\tmp\modules\markup\icons.js.map
A:\KERJA\GITHUB\KMEClient\KMEClient\wwwroot\lib\sweetalert\typings\modules\markup\icons.d.ts
A:\KERJA\GITHUB\KMEClient\KMEClient\wwwroot\lib\sweetalert\tmp\modules\markup\content.js
A:\KERJA\GITHUB\KMEClient\KMEClient\wwwroot\lib\sweetalert\tmp\modules\markup\content.js.map
A:\KERJA\GITHUB\KMEClient\KMEClient\wwwroot\lib\sweetalert\typings\modules\markup\content.d.ts
A:\KERJA\GITHUB\KMEClient\KMEClient\wwwroot\lib\sweetalert\tmp\modules\markup\buttons.js
A:\KERJA\GITHUB\KMEClient\KMEClient\wwwroot\lib\sweetalert\tmp\modules\markup\buttons.js.map
A:\KERJA\GITHUB\KMEClient\KMEClient\wwwroot\lib\sweetalert\typings\modules\markup\buttons.d.ts
A:\KERJA\GITHUB\KMEClient\KMEClient\wwwroot\lib\sweetalert\tmp\modules\markup\index.js
A:\KERJA\GITHUB\KMEClient\KMEClient\wwwroot\lib\sweetalert\tmp\modules\markup\index.js.map
A:\KERJA\GITHUB\KMEClient\KMEClient\wwwroot\lib\sweetalert\typings\modules\markup\index.d.ts
A:\KERJA\GITHUB\KMEClient\KMEClient\wwwroot\lib\sweetalert\tmp\modules\init\icon.js
A:\KERJA\GITHUB\KMEClient\KMEClient\wwwroot\lib\sweetalert\tmp\modules\init\icon.js.map
A:\KERJA\GITHUB\KMEClient\KMEClient\wwwroot\lib\sweetalert\typings\modules\init\icon.d.ts
A:\KERJA\GITHUB\KMEClient\KMEClient\wwwroot\lib\sweetalert\tmp\modules\init\text.js
A:\KERJA\GITHUB\KMEClient\KMEClient\wwwroot\lib\sweetalert\tmp\modules\init\text.js.map
A:\KERJA\GITHUB\KMEClient\KMEClient\wwwroot\lib\sweetalert\typings\modules\init\text.d.ts
A:\KERJA\GITHUB\KMEClient\KMEClient\wwwroot\lib\sweetalert\tmp\modules\state.js
A:\KERJA\GITHUB\KMEClient\KMEClient\wwwroot\lib\sweetalert\tmp\modules\state.js.map
A:\KERJA\GITHUB\KMEClient\KMEClient\wwwroot\lib\sweetalert\typings\modules\state.d.ts
A:\KERJA\GITHUB\KMEClient\KMEClient\wwwroot\lib\sweetalert\tmp\modules\actions.js
A:\KERJA\GITHUB\KMEClient\KMEClient\wwwroot\lib\sweetalert\tmp\modules\actions.js.map
A:\KERJA\GITHUB\KMEClient\KMEClient\wwwroot\lib\sweetalert\typings\modules\actions.d.ts
A:\KERJA\GITHUB\KMEClient\KMEClient\wwwroot\lib\sweetalert\tmp\modules\init\buttons.js
A:\KERJA\GITHUB\KMEClient\KMEClient\wwwroot\lib\sweetalert\tmp\modules\init\buttons.js.map
A:\KERJA\GITHUB\KMEClient\KMEClient\wwwroot\lib\sweetalert\typings\modules\init\buttons.d.ts
A:\KERJA\GITHUB\KMEClient\KMEClient\wwwroot\lib\sweetalert\tmp\modules\init\content.js
A:\KERJA\GITHUB\KMEClient\KMEClient\wwwroot\lib\sweetalert\tmp\modules\init\content.js.map
A:\KERJA\GITHUB\KMEClient\KMEClient\wwwroot\lib\sweetalert\typings\modules\init\content.d.ts
A:\KERJA\GITHUB\KMEClient\KMEClient\wwwroot\lib\sweetalert\tmp\modules\init\modal.js
A:\KERJA\GITHUB\KMEClient\KMEClient\wwwroot\lib\sweetalert\tmp\modules\init\modal.js.map
A:\KERJA\GITHUB\KMEClient\KMEClient\wwwroot\lib\sweetalert\typings\modules\init\modal.d.ts
A:\KERJA\GITHUB\KMEClient\KMEClient\wwwroot\lib\sweetalert\tmp\modules\init\overlay.js
A:\KERJA\GITHUB\KMEClient\KMEClient\wwwroot\lib\sweetalert\tmp\modules\init\overlay.js.map
A:\KERJA\GITHUB\KMEClient\KMEClient\wwwroot\lib\sweetalert\typings\modules\init\overlay.d.ts
A:\KERJA\GITHUB\KMEClient\KMEClient\wwwroot\lib\sweetalert\tmp\modules\event-listeners.js
A:\KERJA\GITHUB\KMEClient\KMEClient\wwwroot\lib\sweetalert\tmp\modules\event-listeners.js.map
A:\KERJA\GITHUB\KMEClient\KMEClient\wwwroot\lib\sweetalert\typings\modules\event-listeners.d.ts
A:\KERJA\GITHUB\KMEClient\KMEClient\wwwroot\lib\sweetalert\tmp\modules\init\index.js
A:\KERJA\GITHUB\KMEClient\KMEClient\wwwroot\lib\sweetalert\tmp\modules\init\index.js.map
A:\KERJA\GITHUB\KMEClient\KMEClient\wwwroot\lib\sweetalert\typings\modules\init\index.d.ts
A:\KERJA\GITHUB\KMEClient\KMEClient\wwwroot\lib\sweetalert\tmp\core.js
A:\KERJA\GITHUB\KMEClient\KMEClient\wwwroot\lib\sweetalert\tmp\core.js.map
A:\KERJA\GITHUB\KMEClient\KMEClient\wwwroot\lib\sweetalert\typings\core.d.ts
